HELLOOOO2018-08-27 15:58:38.688826
Barcodes moved, files moved
32, 37
File left in incoming: 37
FILES LEFT IN INCOMING. PLEASE MOVE THESE MANUALLY
LSU00157996_1.JPG
LSU00158045_1.JPG
LSU00176631.JPG
LSU00158045_5.JPG
LSU00157996_5.JPG
LSU00122216.jpg
LSU00073717.jpg
LSU00122217.jpg
LSU00157997_1.JPG
LSU00137769.JPG
LSU00042490.jpg
LSU00042491.jpg
LSU00137768.JPG
LSU00157997_5.JPG
LSU00158044_5.JPG
LSU00042493.jpg
LSU00042487.jpg
LSU00072633.jpg
LSU00021272.jpg
LSU00138293.JPG
LSU00137771.JPG
LSU00021305.jpg
NO0088855.jpg
LSU00137770.JPG
LSU00138296.JPG
LSU00122219.jpg
NO0088855.CR2
LSU00073718.jpg
LSU00021301.jpg
LSU00122218.jpg
LSU00138295.JPG
LSU00018233.JPG
LSU00138294.JPG
NO0006606.jpg
LSU00157998_1.JPG
NO0006606.CR2
LSU00072512.jpg
Folders Created:
/Users/ChatNoir/Projects/HerbariumRA/data_storage_fake/nfsshare/lsu/0/7/26/33
/Users/ChatNoir/Projects/HerbariumRA/data_storage_fake/nfsshare/no/vasc_plants/0/8/88/55
/Users/ChatNoir/Projects/HerbariumRA/data_storage_fake/nfsshare/lsu/0/2/13/5
/Users/ChatNoir/Projects/HerbariumRA/data_storage_fake/nfsshare/lsu/0/7/25/12
/Users/ChatNoir/Projects/HerbariumRA/data_storage_fake/nfsshare/lsu/0/2/13/1
/Users/ChatNoir/Projects/HerbariumRA/data_storage_fake/nfsshare/lsu/0/13/77/69
/Users/ChatNoir/Projects/HerbariumRA/data_storage_fake/nfsshare/lsu/0/13/77/68
/Users/ChatNoir/Projects/HerbariumRA/data_storage_fake/nfsshare/no/vasc_plants/0/0/66/6
/Users/ChatNoir/Projects/HerbariumRA/data_storage_fake/nfsshare/lsu/0/15/79/98
/Users/ChatNoir/Projects/HerbariumRA/data_storage_fake/nfsshare/lsu/0/4/24/93
/Users/ChatNoir/Projects/HerbariumRA/data_storage_fake/nfsshare/lsu/0/4/24/90
/Users/ChatNoir/Projects/HerbariumRA/data_storage_fake/nfsshare/lsu/0/4/24/91
/Users/ChatNoir/Projects/HerbariumRA/data_storage_fake/nfsshare/lsu/0/12/22/19
/Users/ChatNoir/Projects/HerbariumRA/data_storage_fake/nfsshare/lsu/0/12/22/18
/Users/ChatNoir/Projects/HerbariumRA/data_storage_fake/nfsshare/lsu/0/7/37/17
/Users/ChatNoir/Projects/HerbariumRA/data_storage_fake/nfsshare/lsu/0/7/37/18
/Users/ChatNoir/Projects/HerbariumRA/data_storage_fake/nfsshare/lsu/0/12/22/17
/Users/ChatNoir/Projects/HerbariumRA/data_storage_fake/nfsshare/lsu/0/12/22/16
/Users/ChatNoir/Projects/HerbariumRA/data_storage_fake/nfsshare/lsu/0/15/79/96
/Users/ChatNoir/Projects/HerbariumRA/data_storage_fake/nfsshare/lsu/0/15/79/97
/Users/ChatNoir/Projects/HerbariumRA/data_storage_fake/nfsshare/lsu/0/1/82/33
/Users/ChatNoir/Projects/HerbariumRA/data_storage_fake/nfsshare/lsu/0/13/82/96
/Users/ChatNoir/Projects/HerbariumRA/data_storage_fake/nfsshare/lsu/0/13/82/94
/Users/ChatNoir/Projects/HerbariumRA/data_storage_fake/nfsshare/lsu/0/13/82/95
/Users/ChatNoir/Projects/HerbariumRA/data_storage_fake/nfsshare/lsu/0/13/82/93
/Users/ChatNoir/Projects/HerbariumRA/data_storage_fake/nfsshare/lsu/0/15/80/45
/Users/ChatNoir/Projects/HerbariumRA/data_storage_fake/nfsshare/lsu/0/15/80/44
/Users/ChatNoir/Projects/HerbariumRA/data_storage_fake/nfsshare/lsu/0/2/12/72
/Users/ChatNoir/Projects/HerbariumRA/data_storage_fake/nfsshare/lsu/0/17/66/31
/Users/ChatNoir/Projects/HerbariumRA/data_storage_fake/nfsshare/lsu/0/13/77/70
/Users/ChatNoir/Projects/HerbariumRA/data_storage_fake/nfsshare/lsu/0/13/77/71
/Users/ChatNoir/Projects/HerbariumRA/data_storage_fake/nfsshare/lsu/0/4/24/87
BuhBYE