Date Time
2018-08-30 11:42:04.939545

Number of files moved
Barcodes | Total Files
32  |  37

Number of files left in incoming folder: 0

Files Moved:

LSU00072633.jpg
NO0088855.jpg
NO0088855.CR2
LSU00021305.jpg
LSU00072512.jpg
LSU00021301.jpg
LSU00137769.JPG
LSU00137768.JPG
NO0006606.jpg
NO0006606.CR2
LSU00157998_1.JPG
LSU00042493.jpg
LSU00042490.jpg
LSU00042491.jpg
LSU00122219.jpg
LSU00122218.jpg
LSU00073717.jpg
LSU00073718.jpg
LSU00122217.jpg
LSU00122216.jpg
LSU00157996_1.JPG
LSU00157996_5.JPG
LSU00157997_1.JPG
LSU00157997_5.JPG
LSU00018233.JPG
LSU00138296.JPG
LSU00138294.JPG
LSU00138295.JPG
LSU00138293.JPG
LSU00158045_1.JPG
LSU00158045_5.JPG
LSU00158044_5.JPG
LSU00021272.jpg
LSU00176631.JPG
LSU00137770.JPG
LSU00137771.JPG
LSU00042487.jpg
