sending incremental file list
delta-transmission disabled for local transfer or --whole-file
LSU/LSU00000164.CR2 is uptodate
LSU/LSU00000194.CR2 is uptodate
LSU/LSU00000637.CR2 is uptodate
LSU/LSU00000893.CR2 is uptodate
LSU/LSU00001015.CR2 is uptodate
LSU/LSU00001934.CR2 is uptodate
LSU/LSU00002342.CR2 is uptodate
LSU/LSU00002425.CR2 is uptodate
LSU/LSU00002732.CR2 is uptodate
LSU/LSU00003443.CR2 is uptodate
LSU/LSU00004412.CR2 is uptodate
LSU/LSU00004493.CR2 is uptodate
LSU/LSU00004526.CR2 is uptodate
LSU/LSU00005533.CR2 is uptodate
LSU/LSU00006277.CR2 is uptodate
LSU/LSU00006985.CR2 is uptodate
LSU/LSU00008898.CR2 is uptodate
LSU/LSU00008981.CR2 is uptodate
LSU/LSU00009311.CR2 is uptodate
LSU/LSU00009612.CR2 is uptodate
LSU/LSU00009613.CR2 is uptodate
LSU/LSU00009666.CR2 is uptodate
LSU/LSU00011011.CR2 is uptodate
LSU/LSU00011224.CR2 is newer
LSU/LSU00011345.CR2 is newer
LSU/LSU00012050.CR2 is newer
LSU/LSU00012054.CR2 is newer
LSU/LSU00012512.CR2 is newer
LSU/LSU00012755.CR2 is newer
LSU/LSU00012878.CR2 is newer
LSU/LSU00012924.CR2 is newer
LSU/LSU00012979.CR2 is newer
LSU/LSU00012987.CR2 is newer
LSU/LSU00022133.CR2 is newer
LSU/LSU00022134.CR2 is newer
LSU/LSU00022467.CR2 is newer
LSU/LSU00022477.CR2 is newer
LSU/LSU00022478.CR2 is newer
LSU/LSU00022479.CR2 is newer
LSU/LSU00022482.CR2 is newer
LSU/LSU00022483.CR2 is newer
LSU/LSU00024452.CR2 is newer
LSU/LSU00025718.CR2 is newer
LSU/LSU00028390.CR2 is newer
LSU/LSU00029440.CR2 is newer
LSU/LSU00036415.CR2 is newer
LSU/LSU00036624.CR2 is newer
LSU/LSU00036631.CR2 is newer
LSU/LSU00036634.CR2 is newer
LSU/LSU00036637.CR2 is newer
LSU/LSU00039212.CR2 is newer
LSU/LSU00040474.CR2 is newer
LSU/LSU00042092.CR2 is newer
LSU/LSU00043810.CR2 is newer
LSU/LSU00044222.CR2 is newer
LSU/LSU00044278.CR2 is newer
LSU/LSU00045118.CR2 is newer
LSU/LSU00045119.CR2 is newer
LSU/LSU00045712.CR2 is newer
LSU/LSU00048510.CR2 is newer
LSU/LSU00048547.CR2 is newer
LSU/LSU00048548.CR2 is newer
LSU/LSU00048549.CR2 is newer
LSU/LSU00048551.CR2 is newer
LSU/LSU00048552.CR2 is newer
LSU/LSU00048553.CR2 is uptodate
LSU/LSU00048554.CR2 is uptodate
LSU/LSU00048555.CR2 is uptodate
LSU/LSU00048557.CR2 is uptodate
LSU/LSU00048562.CR2 is uptodate
LSU/LSU00048563.CR2 is uptodate
LSU/LSU00048564.CR2 is uptodate
LSU/LSU00048568.CR2 is uptodate
LSU/LSU00048574.CR2 is uptodate
LSU/LSU00048582.CR2 is uptodate
LSU/LSU00048585.CR2 is uptodate
LSU/LSU00048587.CR2 is uptodate
LSU/LSU00048592.CR2 is uptodate
LSU/LSU00048598.CR2 is uptodate
LSU/LSU00048600.CR2 is uptodate
LSU/LSU00052548.CR2 is uptodate
LSU/LSU00054309.CR2 is uptodate
LSU/LSU00054370.CR2 is uptodate
LSU/LSU00055515.CR2 is uptodate
LSU/LSU00057361.CR2 is uptodate
LSU/LSU00057374.CR2 is uptodate
LSU/LSU00057406.CR2 is uptodate
LSU/LSU00072515.CR2 is uptodate
LSU/LSU00105022.CR2 is uptodate
LSU/LSU00105026.CR2 is uptodate
LSU/LSU00105027.CR2 is uptodate
LSU/LSU00105028.CR2 is uptodate
LSU/LSU00105029.CR2 is uptodate
LSU/LSU00105030.CR2 is uptodate
LSU/LSU00105032.CR2 is uptodate
LSU/LSU00105033.CR2 is uptodate
LSU/LSU00105034.CR2 is uptodate
LSU/LSU00105035.CR2 is uptodate
LSU/LSU00105036.CR2 is uptodate
LSU/LSU00105038.CR2 is uptodate
LSU/LSU00105039.CR2 is uptodate
LSU/LSU00113734.CR2 is uptodate
LSU/LSU00117218.CR2 is uptodate
LSU/LSU00118770.CR2 is uptodate
LSU/LSU00119923.CR2 is uptodate
LSU/LSU00121515.CR2 is uptodate
LSU/LSU00121878.CR2 is uptodate
LSU/LSU00126791.CR2 is uptodate
LSU/LSUJ0107535.CR2 is uptodate
LSU/LWU00044123.CR2 is uptodate
LSU/LWU00104921.CR2 is uptodate
LSU/WSU00050108.CR2 is uptodate
total: matches=0  hash_hits=0  false_alarms=0 data=0

sent 2,956 bytes  received 4,206 bytes  4,774.67 bytes/sec
total size is 2,895,436,143  speedup is 404,277.60
